<?xml version="1.0" encoding="utf-8"?><testsuites name="pytest tests"><testsuite name="pytest" errors="0" failures="0" skipped="0" tests="31" time="4.619" timestamp="2026-08-11T13:52:25.757254+00:00" hostname="agent-env-423f6c07-b4ed-4d50-ae38-a5574a2b2b82"><testcase classname="tests.backend_test.TestBuildingsRooms" name="test_list_buildings" time="0.249" /><testcase classname="tests.backend_test.TestAuth" name="test_boss_wrong_password" time="0.318" /><testcase classname="tests.backend_test.TestBuildingsRooms" name="test_list_rooms_by_building" time="0.184" /><testcase classname="tests.backend_test.TestAuth" name="test_admin_wrong_password" time="0.060" /><testcase classname="tests.backend_test.TestAuth" name="test_admin_case_insensitive" time="0.179" /><testcase classname="tests.backend_test.TestBuildingsRooms" name="test_room_status_update" time="0.312" /><testcase classname="tests.backend_test.TestAuth" name="test_cleaner_autocreate" time="0.063" /><testcase classname="tests.backend_test.TestAuth" name="test_teacher_autocreate" time="0.060" /><testcase classname="tests.backend_test.TestAuth" name="test_boss_missing_name" time="0.060" /><testcase classname="tests.backend_test.TestAuth" name="test_invalid_role" time="0.057" /><testcase classname="tests.backend_test.TestBuildingsRooms" name="test_room_crud_admin_edits" time="0.384" /><testcase classname="tests.backend_test.TestSettingsNumbers" name="test_get_settings" time="0.061" /><testcase classname="tests.backend_test.TestSettingsNumbers" name="test_non_admin_cannot_update_settings" time="0.453" /><testcase classname="tests.backend_test.TestSettingsNumbers" name="test_admin_updates_settings" time="0.215" /><testcase classname="tests.backend_test.TestChat" name="test_all_chatroom_visible" time="0.353" /><testcase classname="tests.backend_test.TestChat" name="test_dm_dedupe" time="0.413" /><testcase classname="tests.backend_test.TestSettingsNumbers" name="test_numbers_shape" time="0.060" /><testcase classname="tests.backend_test.TestMemosPhotos" name="test_memos_require_auth" time="0.239" /><testcase classname="tests.backend_test.TestMemosPhotos" name="test_memos_create_and_list" time="0.497" /><testcase classname="tests.backend_test.TestChat" name="test_send_and_list_messages" time="0.386" /><testcase classname="tests.backend_test.TestChat" name="test_send_message_unauth" time="0.288" /><testcase classname="tests.backend_test.TestMemosPhotos" name="test_room_photo_add_delete" time="0.428" /><testcase classname="tests.backend_test.TestTasks" name="test_task_permission" time="0.191" /><testcase classname="tests.backend_test.TestVisits" name="test_visit_past_rejected" time="0.282" /><testcase classname="tests.backend_test.TestTasks" name="test_task_full_flow" time="0.682" /><testcase classname="tests.backend_test.TestVisits" name="test_visit_more_than_3_days_rejected" time="0.242" /><testcase classname="tests.backend_test.TestVisits" name="test_visit_toggle" time="0.417" /><testcase classname="tests.backend_test.TestTasks" name="test_task_summary" time="0.062" /><testcase classname="tests.backend_test.TestContest" name="test_teacher_cannot_submit" time="0.110" /><testcase classname="tests.backend_test.TestContest" name="test_admin_cannot_submit" time="0.194" /><testcase classname="tests.backend_test.TestContest" name="test_cleaner_submit_and_vote" time="0.442" /></testsuite></testsuites>