<?xml version="1.0" encoding="utf-8"?><testsuites name="pytest tests"><testsuite name="pytest" errors="0" failures="0" skipped="0" tests="34" time="5.678" timestamp="2026-08-11T14:20:50.298761+00:00" hostname="agent-env-423f6c07-b4ed-4d50-ae38-a5574a2b2b82"><testcase classname="tests.backend_test.TestFloors" name="test_migration_seeded_buildings_have_floor" time="0.506" /><testcase classname="tests.backend_test.TestAuth" name="test_boss_password_only_case_insensitive[scharf]" time="0.240" /><testcase classname="tests.backend_test.TestAuth" name="test_boss_password_only_case_insensitive[Scharf]" time="0.069" /><testcase classname="tests.backend_test.TestAuth" name="test_boss_password_only_case_insensitive[SCHARF]" time="0.112" /><testcase classname="tests.backend_test.TestAuth" name="test_boss_password_only_case_insensitive[ScHaRf]" time="0.062" /><testcase classname="tests.backend_test.TestAuth" name="test_boss_no_name_required" time="0.061" /><testcase classname="tests.backend_test.TestFloors" name="test_migration_rooms_have_floor_id" time="0.337" /><testcase classname="tests.backend_test.TestAuth" name="test_boss_wrong_password" time="0.062" /><testcase classname="tests.backend_test.TestAuth" name="test_boss_missing_password" time="0.059" /><testcase classname="tests.backend_test.TestAuth" name="test_admin_case_insensitive" time="0.264" /><testcase classname="tests.backend_test.TestFloors" name="test_rooms_scoped_by_floor" time="0.241" /><testcase classname="tests.backend_test.TestAuth" name="test_admin_wrong_password" time="0.060" /><testcase classname="tests.backend_test.TestAuth" name="test_cleaner_autocreate" time="0.063" /><testcase classname="tests.backend_test.TestAuth" name="test_teacher_autocreate" time="0.064" /><testcase classname="tests.backend_test.TestFloors" name="test_floor_crud_and_blueprint" time="0.618" /><testcase classname="tests.backend_test.TestAuth" name="test_invalid_role" time="0.162" /><testcase classname="tests.backend_test.TestVisits" name="test_visit_today_rejected" time="0.762" /><testcase classname="tests.backend_test.TestFloors" name="test_delete_building_cascades_floors_and_rooms" time="0.506" /><testcase classname="tests.backend_test.TestVisits" name="test_visit_less_than_3_days_rejected[1]" time="0.487" /><testcase classname="tests.backend_test.TestFloors" name="test_building_rename" time="0.327" /><testcase classname="tests.backend_test.TestVisits" name="test_visit_less_than_3_days_rejected[2]" time="0.450" /><testcase classname="tests.backend_test.TestBuildingsRooms" name="test_list_buildings" time="0.082" /><testcase classname="tests.backend_test.TestBuildingsRooms" name="test_room_status_update" time="0.308" /><testcase classname="tests.backend_test.TestBuildingsRooms" name="test_room_crud" time="0.520" /><testcase classname="tests.backend_test.TestVisits" name="test_visit_3_days_ahead_accepted_turns_room_red" time="0.785" /><testcase classname="tests.backend_test.TestMemosPhotos" name="test_memos_require_auth" time="0.267" /><testcase classname="tests.backend_test.TestVisits" name="test_visit_far_future_accepted" time="0.692" /><testcase classname="tests.backend_test.TestMemosPhotos" name="test_memos_create" time="0.782" /><testcase classname="tests.backend_test.TestTasks" name="test_task_permission" time="0.101" /><testcase classname="tests.backend_test.TestMemosPhotos" name="test_room_photo_add_delete" time="0.405" /><testcase classname="tests.backend_test.TestTasks" name="test_task_full_flow" time="0.377" /><testcase classname="tests.backend_test.TestChat" name="test_dm_dedupe" time="0.263" /><testcase classname="tests.backend_test.TestNumbers" name="test_numbers_shape" time="0.071" /><testcase classname="tests.backend_test.TestChat" name="test_send_message_unauth" time="0.191" /></testsuite></testsuites>